  Source.cpp
c:\users\zhurbytska\desktop\githubrepo\classworks\28.03.2019c\28.03.2019c\source.cpp(86): warning C4566: character represented by universal-character-name '\u041F' cannot be represented in the current code page (1252)
c:\users\zhurbytska\desktop\githubrepo\classworks\28.03.2019c\28.03.2019c\source.cpp(86): warning C4566: character represented by universal-character-name '\u0440' cannot be represented in the current code page (1252)
c:\users\zhurbytska\desktop\githubrepo\classworks\28.03.2019c\28.03.2019c\source.cpp(86): warning C4566: character represented by universal-character-name '\u043E' cannot be represented in the current code page (1252)
c:\users\zhurbytska\desktop\githubrepo\classworks\28.03.2019c\28.03.2019c\source.cpp(86): warning C4566: character represented by universal-character-name '\u0434' cannot be represented in the current code page (1252)
c:\users\zhurbytska\desktop\githubrepo\classworks\28.03.2019c\28.03.2019c\source.cpp(86): warning C4566: character represented by universal-character-name '\u043B' cannot be represented in the current code page (1252)
c:\users\zhurbytska\desktop\githubrepo\classworks\28.03.2019c\28.03.2019c\source.cpp(86): warning C4566: character represented by universal-character-name '\u0436' cannot be represented in the current code page (1252)
c:\users\zhurbytska\desktop\githubrepo\classworks\28.03.2019c\28.03.2019c\source.cpp(86): warning C4566: character represented by universal-character-name '\u0438' cannot be represented in the current code page (1252)
c:\users\zhurbytska\desktop\githubrepo\classworks\28.03.2019c\28.03.2019c\source.cpp(86): warning C4566: character represented by universal-character-name '\u0442' cannot be represented in the current code page (1252)
c:\users\zhurbytska\desktop\githubrepo\classworks\28.03.2019c\28.03.2019c\source.cpp(86): warning C4566: character represented by universal-character-name '\u044C' cannot be represented in the current code page (1252)
c:\users\zhurbytska\desktop\githubrepo\classworks\28.03.2019c\28.03.2019c\source.cpp(86): warning C4566: character represented by universal-character-name '\u0432' cannot be represented in the current code page (1252)
c:\users\zhurbytska\desktop\githubrepo\classworks\28.03.2019c\28.03.2019c\source.cpp(86): warning C4566: character represented by universal-character-name '\u0430' cannot be represented in the current code page (1252)
c:\users\zhurbytska\desktop\githubrepo\classworks\28.03.2019c\28.03.2019c\source.cpp(86): warning C4566: character represented by universal-character-name '\u043D' cannot be represented in the current code page (1252)
c:\users\zhurbytska\desktop\githubrepo\classworks\28.03.2019c\28.03.2019c\source.cpp(86): warning C4566: character represented by universal-character-name '\u044B' cannot be represented in the current code page (1252)
c:\users\zhurbytska\desktop\githubrepo\classworks\28.03.2019c\28.03.2019c\source.cpp(86): warning C4566: character represented by universal-character-name '\u0445' cannot be represented in the current code page (1252)
c:\users\zhurbytska\desktop\githubrepo\classworks\28.03.2019c\28.03.2019c\source.cpp(86): warning C4566: character represented by universal-character-name '\u0435' cannot be represented in the current code page (1252)
c:\users\zhurbytska\desktop\githubrepo\classworks\28.03.2019c\28.03.2019c\source.cpp(120): warning C4566: character represented by universal-character-name '\u0424' cannot be represented in the current code page (1252)
c:\users\zhurbytska\desktop\githubrepo\classworks\28.03.2019c\28.03.2019c\source.cpp(120): warning C4566: character represented by universal-character-name '\u0430' cannot be represented in the current code page (1252)
c:\users\zhurbytska\desktop\githubrepo\classworks\28.03.2019c\28.03.2019c\source.cpp(120): warning C4566: character represented by universal-character-name '\u043C' cannot be represented in the current code page (1252)
c:\users\zhurbytska\desktop\githubrepo\classworks\28.03.2019c\28.03.2019c\source.cpp(120): warning C4566: character represented by universal-character-name '\u0438' cannot be represented in the current code page (1252)
c:\users\zhurbytska\desktop\githubrepo\classworks\28.03.2019c\28.03.2019c\source.cpp(120): warning C4566: character represented by universal-character-name '\u043B' cannot be represented in the current code page (1252)
c:\users\zhurbytska\desktop\githubrepo\classworks\28.03.2019c\28.03.2019c\source.cpp(120): warning C4566: character represented by universal-character-name '\u044F' cannot be represented in the current code page (1252)
c:\users\zhurbytska\desktop\githubrepo\classworks\28.03.2019c\28.03.2019c\source.cpp(122): warning C4566: character represented by universal-character-name '\u0418' cannot be represented in the current code page (1252)
c:\users\zhurbytska\desktop\githubrepo\classworks\28.03.2019c\28.03.2019c\source.cpp(122): warning C4566: character represented by universal-character-name '\u043C' cannot be represented in the current code page (1252)
c:\users\zhurbytska\desktop\githubrepo\classworks\28.03.2019c\28.03.2019c\source.cpp(122): warning C4566: character represented by universal-character-name '\u044F' cannot be represented in the current code page (1252)
c:\users\zhurbytska\desktop\githubrepo\classworks\28.03.2019c\28.03.2019c\source.cpp(124): warning C4566: character represented by universal-character-name '\u0421' cannot be represented in the current code page (1252)
c:\users\zhurbytska\desktop\githubrepo\classworks\28.03.2019c\28.03.2019c\source.cpp(124): warning C4566: character represented by universal-character-name '\u0443' cannot be represented in the current code page (1252)
c:\users\zhurbytska\desktop\githubrepo\classworks\28.03.2019c\28.03.2019c\source.cpp(124): warning C4566: character represented by universal-character-name '\u043C' cannot be represented in the current code page (1252)
c:\users\zhurbytska\desktop\githubrepo\classworks\28.03.2019c\28.03.2019c\source.cpp(124): warning C4566: character represented by universal-character-name '\u0430' cannot be represented in the current code page (1252)
c:\users\zhurbytska\desktop\githubrepo\classworks\28.03.2019c\28.03.2019c\source.cpp(124): warning C4566: character represented by universal-character-name '\u043F' cannot be represented in the current code page (1252)
c:\users\zhurbytska\desktop\githubrepo\classworks\28.03.2019c\28.03.2019c\source.cpp(124): warning C4566: character represented by universal-character-name '\u043E' cannot be represented in the current code page (1252)
c:\users\zhurbytska\desktop\githubrepo\classworks\28.03.2019c\28.03.2019c\source.cpp(124): warning C4566: character represented by universal-character-name '\u0436' cannot be represented in the current code page (1252)
c:\users\zhurbytska\desktop\githubrepo\classworks\28.03.2019c\28.03.2019c\source.cpp(124): warning C4566: character represented by universal-character-name '\u0435' cannot be represented in the current code page (1252)
c:\users\zhurbytska\desktop\githubrepo\classworks\28.03.2019c\28.03.2019c\source.cpp(124): warning C4566: character represented by universal-character-name '\u0440' cannot be represented in the current code page (1252)
c:\users\zhurbytska\desktop\githubrepo\classworks\28.03.2019c\28.03.2019c\source.cpp(124): warning C4566: character represented by universal-character-name '\u0442' cannot be represented in the current code page (1252)
c:\users\zhurbytska\desktop\githubrepo\classworks\28.03.2019c\28.03.2019c\source.cpp(124): warning C4566: character represented by universal-character-name '\u0432' cannot be represented in the current code page (1252)
c:\users\zhurbytska\desktop\githubrepo\classworks\28.03.2019c\28.03.2019c\source.cpp(124): warning C4566: character represented by universal-character-name '\u043D' cannot be represented in the current code page (1252)
c:\users\zhurbytska\desktop\githubrepo\classworks\28.03.2019c\28.03.2019c\source.cpp(124): warning C4566: character represented by universal-character-name '\u0438' cannot be represented in the current code page (1252)
c:\users\zhurbytska\desktop\githubrepo\classworks\28.03.2019c\28.03.2019c\source.cpp(124): warning C4566: character represented by universal-character-name '\u044F' cannot be represented in the current code page (1252)
c:\users\zhurbytska\desktop\githubrepo\classworks\28.03.2019c\28.03.2019c\source.cpp(133): warning C4566: character represented by universal-character-name '\u2116' cannot be represented in the current code page (1252)
c:\users\zhurbytska\desktop\githubrepo\classworks\28.03.2019c\28.03.2019c\source.cpp(133): warning C4566: character represented by universal-character-name '\u0424' cannot be represented in the current code page (1252)
c:\users\zhurbytska\desktop\githubrepo\classworks\28.03.2019c\28.03.2019c\source.cpp(133): warning C4566: character represented by universal-character-name '\u0430' cannot be represented in the current code page (1252)
c:\users\zhurbytska\desktop\githubrepo\classworks\28.03.2019c\28.03.2019c\source.cpp(133): warning C4566: character represented by universal-character-name '\u043C' cannot be represented in the current code page (1252)
c:\users\zhurbytska\desktop\githubrepo\classworks\28.03.2019c\28.03.2019c\source.cpp(133): warning C4566: character represented by universal-character-name '\u0438' cannot be represented in the current code page (1252)
c:\users\zhurbytska\desktop\githubrepo\classworks\28.03.2019c\28.03.2019c\source.cpp(133): warning C4566: character represented by universal-character-name '\u043B' cannot be represented in the current code page (1252)
c:\users\zhurbytska\desktop\githubrepo\classworks\28.03.2019c\28.03.2019c\source.cpp(133): warning C4566: character represented by universal-character-name '\u044F' cannot be represented in the current code page (1252)
c:\users\zhurbytska\desktop\githubrepo\classworks\28.03.2019c\28.03.2019c\source.cpp(133): warning C4566: character represented by universal-character-name '\u0418' cannot be represented in the current code page (1252)
c:\users\zhurbytska\desktop\githubrepo\classworks\28.03.2019c\28.03.2019c\source.cpp(133): warning C4566: character represented by universal-character-name '\u0421' cannot be represented in the current code page (1252)
c:\users\zhurbytska\desktop\githubrepo\classworks\28.03.2019c\28.03.2019c\source.cpp(133): warning C4566: character represented by universal-character-name '\u0443' cannot be represented in the current code page (1252)
  28.03.2019C.vcxproj -> C:\Users\Zhurbytska\Desktop\GitHubREPO\Classworks\28.03.2019C\Debug\28.03.2019C.exe
